11-07-2021 16:38:51.390 ERROR o.c.e.l.LoggingFormatterSpecificationListener - Exception thrown while evaluating expression 'throwException()':
	Exception: Oops!
org.concordion.internal.InvalidExpressionException: Exception: Oops!
	at specification.Extension.throwException(Extension.java:95)
	at sun.reflect.NativeMethodAccessorImpl.invoke0(Native Method)
	at sun.reflect.NativeMethodAccessorImpl.invoke(NativeMethodAccessorImpl.java:62)
	at sun.reflect.DelegatingMethodAccessorImpl.invoke(DelegatingMethodAccessorImpl.java:43)
	at java.lang.reflect.Method.invoke(Method.java:498)
	at ognl.OgnlRuntime.invokeMethodInsideSandbox(OgnlRuntime.java:1266)
	at ognl.OgnlRuntime.invokeMethod(OgnlRuntime.java:1251)
	at ognl.OgnlRuntime.callAppropriateMethod(OgnlRuntime.java:1969)
	at ognl.ObjectMethodAccessor.callMethod(ObjectMethodAccessor.java:68)
	at ognl.OgnlRuntime.callMethod(OgnlRuntime.java:2045)
	at ognl.ASTMethod.getValueBody(ASTMethod.java:97)
	at ognl.SimpleNode.evaluateGetValueBody(SimpleNode.java:212)
	at ognl.SimpleNode.getValue(SimpleNode.java:258)
	at ognl.Ognl.getValue(Ognl.java:537)
	at ognl.Ognl.getValue(Ognl.java:639)
	at ognl.Ognl.getValue(Ognl.java:609)
	at org.concordion.internal.OgnlEvaluator.evaluate(OgnlEvaluator.java:25)
	at org.concordion.internal.SimpleEvaluator.evaluate(SimpleEvaluator.java:14)
	at org.concordion.internal.command.executeCommand.ExecuteCommand.normalExecution(ExecuteCommand.java:75)
	at org.concordion.internal.command.executeCommand.ExecuteCommand.execute(ExecuteCommand.java:68)
	at org.concordion.api.AbstractCommandDecorator$2.run(AbstractCommandDecorator.java:25)
	at org.concordion.internal.command.LocalTextDecorator.process(LocalTextDecorator.java:26)
	at org.concordion.api.AbstractCommandDecorator.execute(AbstractCommandDecorator.java:23)
	at org.concordion.api.AbstractCommandDecorator$2.run(AbstractCommandDecorator.java:25)
	at org.concordion.internal.command.ThrowableCatchingDecorator.process(ThrowableCatchingDecorator.java:38)
	at org.concordion.api.AbstractCommandDecorator.execute(AbstractCommandDecorator.java:23)
	at org.concordion.api.CommandCall.execute(CommandCall.java:72)
	at org.concordion.api.CommandCallList.processSequentially(CommandCallList.java:33)
	at org.concordion.internal.command.SpecificationCommand.execute(SpecificationCommand.java:36)
	at org.concordion.api.CommandCall.execute(CommandCall.java:72)
	at org.concordion.internal.XMLSpecification.processNode(XMLSpecification.java:60)
	at org.concordion.internal.XMLSpecification.processExample(XMLSpecification.java:69)
	at org.concordion.Concordion.processExample(Concordion.java:92)
	at test.concordion.TestRig.process(TestRig.java:98)
	at test.concordion.TestRig.process(TestRig.java:121)
	at test.concordion.TestRig.processFragment(TestRig.java:49)
	at specification.BaseFixture.process(BaseFixture.java:226)
	at specification.BaseFixture.processHtml(BaseFixture.java:197)
	at specification.Extension.logUncaughtException(Extension.java:89)
	at sun.reflect.NativeMethodAccessorImpl.invoke0(Native Method)
	at sun.reflect.NativeMethodAccessorImpl.invoke(NativeMethodAccessorImpl.java:62)
	at sun.reflect.DelegatingMethodAccessorImpl.invoke(DelegatingMethodAccessorImpl.java:43)
	at java.lang.reflect.Method.invoke(Method.java:498)
	at ognl.OgnlRuntime.invokeMethodInsideSandbox(OgnlRuntime.java:1266)
	at ognl.OgnlRuntime.invokeMethod(OgnlRuntime.java:1251)
	at ognl.OgnlRuntime.callAppropriateMethod(OgnlRuntime.java:1969)
	at ognl.ObjectMethodAccessor.callMethod(ObjectMethodAccessor.java:68)
	at ognl.OgnlRuntime.callMethod(OgnlRuntime.java:2045)
	at ognl.ASTMethod.getValueBody(ASTMethod.java:97)
	at ognl.SimpleNode.evaluateGetValueBody(SimpleNode.java:212)
	at ognl.SimpleNode.getValue(SimpleNode.java:258)
	at ognl.Ognl.getValue(Ognl.java:537)
	at ognl.Ognl.getValue(Ognl.java:639)
	at ognl.Ognl.getValue(Ognl.java:609)
	at org.concordion.internal.OgnlEvaluator.evaluate(OgnlEvaluator.java:25)
	at org.concordion.internal.SimpleEvaluator.evaluate(SimpleEvaluator.java:14)
	at org.concordion.internal.command.BooleanCommand.verify(BooleanCommand.java:33)
	at org.concordion.api.AbstractCommandDecorator$3.run(AbstractCommandDecorator.java:33)
	at org.concordion.internal.command.LocalTextDecorator.process(LocalTextDecorator.java:26)
	at org.concordion.api.AbstractCommandDecorator.verify(AbstractCommandDecorator.java:31)
	at org.concordion.api.AbstractCommandDecorator$3.run(AbstractCommandDecorator.java:33)
	at org.concordion.internal.command.ThrowableCatchingDecorator.process(ThrowableCatchingDecorator.java:38)
	at org.concordion.api.AbstractCommandDecorator.verify(AbstractCommandDecorator.java:31)
	at org.concordion.api.CommandCall.verify(CommandCall.java:76)
	at org.concordion.api.CommandCallList.processSequentially(CommandCallList.java:34)
	at org.concordion.internal.command.SpecificationCommand.execute(SpecificationCommand.java:36)
	at org.concordion.api.CommandCall.execute(CommandCall.java:72)
	at org.concordion.internal.XMLSpecification.processNode(XMLSpecification.java:60)
	at org.concordion.internal.XMLSpecification.processExample(XMLSpecification.java:69)
	at org.concordion.Concordion.processExample(Concordion.java:92)
	at org.concordion.internal.FixtureRunner.run(FixtureRunner.java:41)
	at org.concordion.integration.junit4.ConcordionRunner.invoke(ConcordionRunner.java:207)
	at org.concordion.integration.junit4.ConcordionRunner$1.invoke(ConcordionRunner.java:31)
	at org.concordion.integration.junit4.ConcordionFrameworkMethod.invokeExplosively(ConcordionFrameworkMethod.java:58)
	at org.junit.internal.runners.statements.InvokeMethod.evaluate(InvokeMethod.java:17)
	at org.junit.runners.ParentRunner$3.evaluate(ParentRunner.java:306)
	at org.junit.runners.BlockJUnit4ClassRunner$1.evaluate(BlockJUnit4ClassRunner.java:100)
	at org.junit.runners.ParentRunner.runLeaf(ParentRunner.java:366)
	at org.junit.runners.BlockJUnit4ClassRunner.runChild(BlockJUnit4ClassRunner.java:103)
	at org.concordion.integration.junit4.ConcordionRunner.runChild(ConcordionRunner.java:191)
	at org.concordion.integration.junit4.ConcordionRunner.runChild(ConcordionRunner.java:23)
	at org.junit.runners.ParentRunner$4.run(ParentRunner.java:331)
	at org.junit.runners.ParentRunner$1.schedule(ParentRunner.java:79)
	at org.junit.runners.ParentRunner.runChildren(ParentRunner.java:329)
	at org.junit.runners.ParentRunner.access$100(ParentRunner.java:66)
	at org.junit.runners.ParentRunner$2.evaluate(ParentRunner.java:293)
	at org.junit.runners.ParentRunner$3.evaluate(ParentRunner.java:306)
	at org.junit.runners.ParentRunner.run(ParentRunner.java:413)
	at org.concordion.integration.junit4.ConcordionRunner.run(ConcordionRunner.java:150)
	at org.gradle.api.internal.tasks.testing.junit.JUnitTestClassExecutor.runTestClass(JUnitTestClassExecutor.java:110)
	at org.gradle.api.internal.tasks.testing.junit.JUnitTestClassExecutor.execute(JUnitTestClassExecutor.java:58)
	at org.gradle.api.internal.tasks.testing.junit.JUnitTestClassExecutor.execute(JUnitTestClassExecutor.java:38)
	at org.gradle.api.internal.tasks.testing.junit.AbstractJUnitTestClassProcessor.processTestClass(AbstractJUnitTestClassProcessor.java:62)
	at org.gradle.api.internal.tasks.testing.SuiteTestClassProcessor.processTestClass(SuiteTestClassProcessor.java:51)
	at sun.reflect.NativeMethodAccessorImpl.invoke0(Native Method)
	at sun.reflect.NativeMethodAccessorImpl.invoke(NativeMethodAccessorImpl.java:62)
	at sun.reflect.DelegatingMethodAccessorImpl.invoke(DelegatingMethodAccessorImpl.java:43)
	at java.lang.reflect.Method.invoke(Method.java:498)
	at org.gradle.internal.dispatch.ReflectionDispatch.dispatch(ReflectionDispatch.java:36)
	at org.gradle.internal.dispatch.ReflectionDispatch.dispatch(ReflectionDispatch.java:24)
	at org.gradle.internal.dispatch.ContextClassLoaderDispatch.dispatch(ContextClassLoaderDispatch.java:33)
	at org.gradle.internal.dispatch.ProxyDispatchAdapter$DispatchingInvocationHandler.invoke(ProxyDispatchAdapter.java:94)
	at com.sun.proxy.$Proxy2.processTestClass(Unknown Source)
	at org.gradle.api.internal.tasks.testing.worker.TestWorker.processTestClass(TestWorker.java:119)
	at sun.reflect.NativeMethodAccessorImpl.invoke0(Native Method)
	at sun.reflect.NativeMethodAccessorImpl.invoke(NativeMethodAccessorImpl.java:62)
	at sun.reflect.DelegatingMethodAccessorImpl.invoke(DelegatingMethodAccessorImpl.java:43)
	at java.lang.reflect.Method.invoke(Method.java:498)
	at org.gradle.internal.dispatch.ReflectionDispatch.dispatch(ReflectionDispatch.java:36)
	at org.gradle.internal.dispatch.ReflectionDispatch.dispatch(ReflectionDispatch.java:24)
	at org.gradle.internal.remote.internal.hub.MessageHubBackedObjectConnection$DispatchWrapper.dispatch(MessageHubBackedObjectConnection.java:182)
	at org.gradle.internal.remote.internal.hub.MessageHubBackedObjectConnection$DispatchWrapper.dispatch(MessageHubBackedObjectConnection.java:164)
	at org.gradle.internal.remote.internal.hub.MessageHub$Handler.run(MessageHub.java:414)
	at org.gradle.internal.concurrent.ExecutorPolicy$CatchAndRecordFailures.onExecute(ExecutorPolicy.java:64)
	at org.gradle.internal.concurrent.ManagedExecutorImpl$1.run(ManagedExecutorImpl.java:48)
	at java.util.concurrent.ThreadPoolExecutor.runWorker(ThreadPoolExecutor.java:1149)
	at java.util.concurrent.ThreadPoolExecutor$Worker.run(ThreadPoolExecutor.java:624)
	at org.gradle.internal.concurrent.ThreadFactoryImpl$ManagedThreadRunnable.run(ThreadFactoryImpl.java:56)
	at java.lang.Thread.run(Thread.java:748)
Caused by: java.lang.Exception: Oops!
	... 119 common frames omitted
